 20398 08/30/2021 01:25:30 AM INFO : Thread clients ready!
 20398 08/30/2021 01:25:30 AM INFO : Listen clients...
 20398 08/30/2021 01:25:30 AM INFO : Thread nodes ready!
 20398 08/30/2021 01:25:30 AM INFO : Server running...
 20398 08/30/2021 01:25:30 AM INFO : Listen nodes...
 20398 08/30/2021 01:25:32 AM ERROR : Server interrupted...
 20398 08/30/2021 01:25:32 AM INFO : Stopping all clients comunication...
 20398 08/30/2021 01:25:32 AM INFO : Clients thread turned off
 20398 08/30/2021 01:25:32 AM WARNING : Error on connect client : [Errno 53] Software caused connection abort
 20398 08/30/2021 01:25:32 AM INFO : Clients thread turned off
 20398 08/30/2021 01:25:32 AM INFO : Stopping all nodes comunication...
 20398 08/30/2021 01:25:32 AM INFO : Nodes thread turned off
 20398 08/30/2021 01:25:32 AM WARNING : Error on connect node : [Errno 53] Software caused connection abort
 20398 08/30/2021 01:25:32 AM INFO : Nodes thread turned off
 20467 08/30/2021 01:28:27 AM INFO : Thread clients ready!
 20467 08/30/2021 01:28:27 AM INFO : Listen clients...
 20467 08/30/2021 01:28:27 AM INFO : Thread nodes ready!
 20467 08/30/2021 01:28:27 AM INFO : Server running...
 20467 08/30/2021 01:28:27 AM INFO : Listen nodes...
 20467 08/30/2021 01:28:28 AM ERROR : Server interrupted...
 20467 08/30/2021 01:28:28 AM INFO : Stopping all clients comunication...
 20467 08/30/2021 01:28:28 AM INFO : Clients thread turned off
 20467 08/30/2021 01:28:28 AM WARNING : Error on connect client : [Errno 53] Software caused connection abort
 20467 08/30/2021 01:28:28 AM INFO : Clients thread turned off
 20467 08/30/2021 01:28:28 AM INFO : Stopping all nodes comunication...
 20467 08/30/2021 01:28:28 AM INFO : Nodes thread turned off
 20467 08/30/2021 01:28:28 AM WARNING : Error on connect node : [Errno 53] Software caused connection abort
 20467 08/30/2021 01:28:28 AM INFO : Nodes thread turned off
 20582 08/30/2021 01:30:26 AM INFO : Thread clients ready!
 20582 08/30/2021 01:30:26 AM INFO : Listen clients...
 20582 08/30/2021 01:30:26 AM INFO : Thread nodes ready!
 20582 08/30/2021 01:30:26 AM INFO : Server running...
 20582 08/30/2021 01:30:26 AM INFO : Listen nodes...
 20582 08/30/2021 01:30:28 AM ERROR : Server interrupted...
 20582 08/30/2021 01:30:28 AM INFO : Stopping all clients comunication...
 20582 08/30/2021 01:30:28 AM INFO : Clients thread turned off
 20582 08/30/2021 01:30:28 AM WARNING : Error on connect client : [Errno 53] Software caused connection abort
 20582 08/30/2021 01:30:28 AM INFO : Clients thread turned off
 20582 08/30/2021 01:30:28 AM INFO : Stopping all nodes comunication...
 20582 08/30/2021 01:30:28 AM INFO : Nodes thread turned off
 20582 08/30/2021 01:30:28 AM WARNING : Error on connect node : [Errno 53] Software caused connection abort
 20582 08/30/2021 01:30:28 AM WARNING : Error on connect node : [Errno 9] Bad file descriptor
 20582 08/30/2021 01:30:28 AM WARNING : Error on connect node : [Errno 9] Bad file descriptor
 20582 08/30/2021 01:30:28 AM INFO : Nodes thread turned off
 20649 08/30/2021 01:31:09 AM INFO : Thread clients ready!
 20649 08/30/2021 01:31:09 AM INFO : Listen clients...
 20649 08/30/2021 01:31:09 AM INFO : Thread nodes ready!
 20649 08/30/2021 01:31:09 AM INFO : Server running...
 20649 08/30/2021 01:31:09 AM INFO : Listen nodes...
 20649 08/30/2021 01:31:11 AM ERROR : Server interrupted...
 20649 08/30/2021 01:31:11 AM INFO : Stopping all clients comunication...
 20649 08/30/2021 01:31:11 AM INFO : Clients thread turned off
 20649 08/30/2021 01:31:11 AM WARNING : Error on connect client : [Errno 53] Software caused connection abort
 20649 08/30/2021 01:31:11 AM WARNING : Error on connect client : [Errno 9] Bad file descriptor
 20649 08/30/2021 01:31:11 AM WARNING : Error on connect client : [Errno 9] Bad file descriptor
 20649 08/30/2021 01:31:11 AM WARNING : Error on connect client : [Errno 9] Bad file descriptor
 20649 08/30/2021 01:31:11 AM WARNING : Error on connect client : [Errno 9] Bad file descriptor
 20649 08/30/2021 01:31:11 AM WARNING : Error on connect client : [Errno 9] Bad file descriptor
 20649 08/30/2021 01:31:11 AM INFO : Clients thread turned off
 20649 08/30/2021 01:31:11 AM INFO : Stopping all nodes comunication...
 20649 08/30/2021 01:31:11 AM INFO : Nodes thread turned off
 20649 08/30/2021 01:31:11 AM WARNING : Error on connect node : [Errno 53] Software caused connection abort
 20649 08/30/2021 01:31:11 AM WARNING : Error on connect node : [Errno 9] Bad file descriptor
 20649 08/30/2021 01:31:11 AM WARNING : Error on connect node : [Errno 9] Bad file descriptor
 20649 08/30/2021 01:31:11 AM WARNING : Error on connect node : [Errno 9] Bad file descriptor
 20649 08/30/2021 01:31:11 AM INFO : Nodes thread turned off
 20689 08/30/2021 01:31:28 AM INFO : Thread clients ready!
 20689 08/30/2021 01:31:28 AM INFO : Thread nodes ready!
 20689 08/30/2021 01:31:28 AM INFO : Server running...
 20689 08/30/2021 01:31:28 AM INFO : Listen clients...
 20689 08/30/2021 01:31:28 AM INFO : Listen nodes...
 20689 08/30/2021 01:31:29 AM ERROR : Server interrupted...
 20689 08/30/2021 01:31:29 AM INFO : Stopping all clients comunication...
 20689 08/30/2021 01:31:29 AM INFO : Clients thread turned off
 20689 08/30/2021 01:31:29 AM WARNING : Error on connect client : [Errno 53] Software caused connection abort
 20689 08/30/2021 01:31:29 AM INFO : Clients thread turned off
 20689 08/30/2021 01:31:29 AM INFO : Stopping all nodes comunication...
 20689 08/30/2021 01:31:29 AM INFO : Nodes thread turned off
 20689 08/30/2021 01:31:29 AM WARNING : Error on connect node : [Errno 53] Software caused connection abort
 20689 08/30/2021 01:31:29 AM INFO : Nodes thread turned off
 20737 08/30/2021 01:32:41 AM INFO : Thread clients ready!
 20737 08/30/2021 01:32:41 AM INFO : Listen clients...
 20737 08/30/2021 01:32:41 AM INFO : Thread nodes ready!
 20737 08/30/2021 01:32:41 AM INFO : Server running...
 20737 08/30/2021 01:32:41 AM INFO : Listen nodes...
 20737 08/30/2021 01:32:44 AM ERROR : Server interrupted...
 20737 08/30/2021 01:32:44 AM INFO : Stopping all clients comunication...
 20737 08/30/2021 01:32:44 AM INFO : Clients thread turned off
 20737 08/30/2021 01:32:44 AM WARNING : Error on connect client : [Errno 53] Software caused connection abort
 20737 08/30/2021 01:32:44 AM INFO : Clients thread turned off
 20737 08/30/2021 01:32:44 AM INFO : Stopping all nodes comunication...
 20737 08/30/2021 01:32:44 AM INFO : Nodes thread turned off
 20737 08/30/2021 01:32:44 AM WARNING : Error on connect node : [Errno 53] Software caused connection abort
 20737 08/30/2021 01:32:44 AM INFO : Nodes thread turned off
 21013 08/30/2021 01:37:14 AM INFO : Thread clients ready!
 21013 08/30/2021 01:37:14 AM INFO : Listen clients...
 21013 08/30/2021 01:37:14 AM INFO : Thread nodes ready!
 21013 08/30/2021 01:37:14 AM INFO : Server running...
 21013 08/30/2021 01:37:14 AM INFO : Listen nodes...
 21013 08/30/2021 01:37:15 AM ERROR : Server interrupted...
 21013 08/30/2021 01:37:15 AM INFO : Stopping all clients comunication...
 21013 08/30/2021 01:37:15 AM WARNING : Error on connect client : [Errno 53] Software caused connection abort
 21013 08/30/2021 01:37:15 AM INFO : Clients thread turned off
 21013 08/30/2021 01:37:15 AM INFO : Clients thread turned off
 21013 08/30/2021 01:37:15 AM INFO : Stopping all nodes comunication...
 21013 08/30/2021 01:37:15 AM WARNING : Error on connect node : [Errno 53] Software caused connection abort
 21013 08/30/2021 01:37:15 AM INFO : Nodes thread turned off
 21013 08/30/2021 01:37:15 AM INFO : Nodes thread turned off
 21123 08/30/2021 01:39:29 AM INFO : Thread clients ready!
 21123 08/30/2021 01:39:29 AM INFO : Thread nodes ready!
 21123 08/30/2021 01:39:29 AM INFO : Listen clients...
 21123 08/30/2021 01:39:29 AM INFO : Server running...
 21123 08/30/2021 01:39:29 AM INFO : Listen nodes...
 21123 08/30/2021 01:39:30 AM ERROR : Server interrupted...
 21123 08/30/2021 01:39:30 AM INFO : Stopping all clients comunication...
 21123 08/30/2021 01:39:30 AM WARNING : Error on connect client : [Errno 53] Software caused connection abort
 21123 08/30/2021 01:39:30 AM INFO : Clients thread turned off
 21123 08/30/2021 01:39:30 AM INFO : Clients thread turned off
 21123 08/30/2021 01:39:30 AM INFO : Stopping all nodes comunication...
 21123 08/30/2021 01:39:30 AM WARNING : Error on connect node : [Errno 53] Software caused connection abort
 21123 08/30/2021 01:39:30 AM INFO : Nodes thread turned off
 21123 08/30/2021 01:39:30 AM INFO : Nodes thread turned off
 21263 08/30/2021 01:41:18 AM INFO : Thread clients ready!
 21263 08/30/2021 01:41:18 AM INFO : Listen clients...
 21263 08/30/2021 01:41:18 AM INFO : Thread nodes ready!
 21263 08/30/2021 01:41:18 AM INFO : Server running...
 21263 08/30/2021 01:41:18 AM INFO : Listen nodes...
 21263 08/30/2021 01:41:20 AM ERROR : Server interrupted...
 21263 08/30/2021 01:41:20 AM INFO : Stopping all clients comunication...
 21263 08/30/2021 01:41:20 AM WARNING : Error on connect client : [Errno 53] Software caused connection abort
 21263 08/30/2021 01:41:20 AM INFO : Clients thread turned off
 21263 08/30/2021 01:41:20 AM INFO : Clients thread turned off
 21263 08/30/2021 01:41:20 AM INFO : Stopping all nodes comunication...
 21263 08/30/2021 01:41:20 AM WARNING : Error on connect node : [Errno 53] Software caused connection abort
 21263 08/30/2021 01:41:20 AM INFO : Nodes thread turned off
 21263 08/30/2021 01:41:20 AM INFO : Nodes thread turned off
 21407 08/30/2021 01:43:44 AM INFO : Thread clients ready!
 21407 08/30/2021 01:43:44 AM INFO : Listen clients...
 21407 08/30/2021 01:43:44 AM INFO : Thread nodes ready!
 21407 08/30/2021 01:43:44 AM INFO : Server running...
 21407 08/30/2021 01:43:44 AM INFO : Listen nodes...
 21407 08/30/2021 01:43:45 AM ERROR : Server interrupted...
 21407 08/30/2021 01:43:45 AM INFO : Stopping all clients comunication...
 21407 08/30/2021 01:43:45 AM WARNING : Error on connect client : [Errno 53] Software caused connection abort
 21407 08/30/2021 01:43:45 AM INFO : Clients thread turned off
 21407 08/30/2021 01:43:45 AM INFO : Stopping all nodes comunication...
 21407 08/30/2021 01:43:45 AM WARNING : Error on connect node : [Errno 53] Software caused connection abort
 21407 08/30/2021 01:43:45 AM INFO : Nodes thread turned off
 21425 08/30/2021 01:44:25 AM INFO : Thread clients ready!
 21425 08/30/2021 01:44:25 AM INFO : Listen clients...
 21425 08/30/2021 01:44:25 AM INFO : Thread nodes ready!
 21425 08/30/2021 01:44:25 AM INFO : Server running...
 21425 08/30/2021 01:44:25 AM INFO : Listen nodes...
 21425 08/30/2021 01:44:27 AM ERROR : Server interrupted...
 21425 08/30/2021 01:44:27 AM INFO : Stopping all clients comunication...
 21425 08/30/2021 01:44:27 AM WARNING : Error on connect client : [Errno 53] Software caused connection abort
 21425 08/30/2021 01:44:27 AM INFO : Clients thread turned off
 21425 08/30/2021 01:44:27 AM INFO : Stopping all nodes comunication...
 21425 08/30/2021 01:44:27 AM WARNING : Error on connect node : [Errno 53] Software caused connection abort
 21425 08/30/2021 01:44:27 AM INFO : Nodes thread turned off
